[1.797s] DEBUG:colcon:Command line arguments: ['/usr/bin/colcon', 'build', '--symlink-install']
[1.797s] DEBUG:colcon:Parsed command line arguments: Namespace(log_base=None, log_level=None, verb_name='build', build_base='build', install_base='install', merge_install=False, symlink_install=True, test_result_base=None, continue_on_error=False, executor='parallel', parallel_workers=8, event_handlers=None, ignore_user_meta=False, metas=['./colcon.meta'], base_paths=['.'], packages_ignore=None, packages_ignore_regex=None, paths=None, packages_up_to=None, packages_up_to_regex=None, packages_above=None, packages_above_and_dependencies=None, packages_above_depth=None, packages_select_by_dep=None, packages_skip_by_dep=None, packages_skip_up_to=None, packages_select_build_failed=False, packages_skip_build_finished=False, packages_select_test_failures=False, packages_skip_test_passed=False, packages_select=None, packages_skip=None, packages_select_regex=None, packages_skip_regex=None, packages_start=None, packages_end=None, allow_overriding=[], cmake_args=None, cmake_target=None, cmake_target_skip_unavailable=False, cmake_clean_cache=False, cmake_clean_first=False, cmake_force_configure=False, ament_cmake_args=None, catkin_cmake_args=None, catkin_skip_building_tests=False, verb_parser=<colcon_defaults.argument_parser.defaults.DefaultArgumentsDecorator object at 0x7f73061c2350>, verb_extension=<colcon_core.verb.build.BuildVerb object at 0x7f73061c1600>, main=<bound method BuildVerb.main of <colcon_core.verb.build.BuildVerb object at 0x7f73061c1600>>)
[1.898s] Level 1:colcon.colcon_core.package_discovery:discover_packages(colcon_meta) check parameters
[1.898s] Level 1:colcon.colcon_core.package_discovery:discover_packages(recursive) check parameters
[1.898s] Level 1:colcon.colcon_core.package_discovery:discover_packages(ignore) check parameters
[1.899s] Level 1:colcon.colcon_core.package_discovery:discover_packages(path) check parameters
[1.899s] Level 1:colcon.colcon_core.package_discovery:discover_packages(colcon_meta) discover
[1.899s] Level 1:colcon.colcon_core.package_discovery:discover_packages(recursive) discover
[1.899s] INFO:colcon.colcon_core.package_discovery:Crawling recursively for packages in '/home/iota/turtle_procon/ros2_ws/src/turtle_controller'
[1.899s] Level 1:colcon.colcon_core.package_identification:_identify(.) by extensions ['ignore', 'ignore_ament_install']
[1.899s] Level 1:colcon.colcon_core.package_identification:_identify(.) by extension 'ignore'
[1.899s] Level 1:colcon.colcon_core.package_identification:_identify(.) by extension 'ignore_ament_install'
[1.899s] Level 1:colcon.colcon_core.package_identification:_identify(.) by extensions ['colcon_pkg']
[1.899s] Level 1:colcon.colcon_core.package_identification:_identify(.) by extension 'colcon_pkg'
[1.900s] Level 1:colcon.colcon_core.package_identification:_identify(.) by extensions ['colcon_meta']
[1.900s] Level 1:colcon.colcon_core.package_identification:_identify(.) by extension 'colcon_meta'
[1.900s] Level 1:colcon.colcon_core.package_identification:_identify(.) by extensions ['ros']
[1.900s] Level 1:colcon.colcon_core.package_identification:_identify(.) by extension 'ros'
[1.926s] DEBUG:colcon.colcon_core.package_identification:Package '.' with type 'ros.ament_python' and name 'turtle_controller'
[1.926s] Level 1:colcon.colcon_core.package_discovery:discover_packages(recursive) using defaults
[1.926s] Level 1:colcon.colcon_core.package_discovery:discover_packages(ignore) discover
[1.926s] Level 1:colcon.colcon_core.package_discovery:discover_packages(ignore) using defaults
[1.927s] Level 1:colcon.colcon_core.package_discovery:discover_packages(path) discover
[1.927s] Level 1:colcon.colcon_core.package_discovery:discover_packages(path) using defaults
[2.091s] Level 1:colcon.colcon_core.package_discovery:discover_packages(prefix_path) check parameters
[2.091s] Level 1:colcon.colcon_core.package_discovery:discover_packages(prefix_path) discover
[2.144s] DEBUG:colcon.colcon_installed_package_information.package_discovery:Found 331 installed packages in /opt/ros/humble
[2.147s] Level 1:colcon.colcon_core.package_discovery:discover_packages(prefix_path) using defaults
[2.321s] Level 5:colcon.colcon_core.verb:set package 'turtle_controller' build argument 'cmake_args' from command line to 'None'
[2.321s] Level 5:colcon.colcon_core.verb:set package 'turtle_controller' build argument 'cmake_target' from command line to 'None'
[2.322s] Level 5:colcon.colcon_core.verb:set package 'turtle_controller' build argument 'cmake_target_skip_unavailable' from command line to 'False'
[2.322s] Level 5:colcon.colcon_core.verb:set package 'turtle_controller' build argument 'cmake_clean_cache' from command line to 'False'
[2.322s] Level 5:colcon.colcon_core.verb:set package 'turtle_controller' build argument 'cmake_clean_first' from command line to 'False'
[2.322s] Level 5:colcon.colcon_core.verb:set package 'turtle_controller' build argument 'cmake_force_configure' from command line to 'False'
[2.322s] Level 5:colcon.colcon_core.verb:set package 'turtle_controller' build argument 'ament_cmake_args' from command line to 'None'
[2.322s] Level 5:colcon.colcon_core.verb:set package 'turtle_controller' build argument 'catkin_cmake_args' from command line to 'None'
[2.322s] Level 5:colcon.colcon_core.verb:set package 'turtle_controller' build argument 'catkin_skip_building_tests' from command line to 'False'
[2.322s] DEBUG:colcon.colcon_core.verb:Building package 'turtle_controller' with the following arguments: {'ament_cmake_args': None, 'build_base': '/home/iota/turtle_procon/ros2_ws/src/turtle_controller/build/turtle_controller', 'catkin_cmake_args': None, 'catkin_skip_building_tests': False, 'cmake_args': None, 'cmake_clean_cache': False, 'cmake_clean_first': False, 'cmake_force_configure': False, 'cmake_target': None, 'cmake_target_skip_unavailable': False, 'install_base': '/home/iota/turtle_procon/ros2_ws/src/turtle_controller/install/turtle_controller', 'merge_install': False, 'path': '/home/iota/turtle_procon/ros2_ws/src/turtle_controller', 'symlink_install': True, 'test_result_base': None}
[2.346s] INFO:colcon.colcon_core.executor:Executing jobs using 'parallel' executor
[2.371s] DEBUG:colcon.colcon_parallel_executor.executor.parallel:run_until_complete
[2.371s] INFO:colcon.colcon_ros.task.ament_python.build:Building ROS package in '/home/iota/turtle_procon/ros2_ws/src/turtle_controller' with build type 'ament_python'
[2.371s] Level 1:colcon.colcon_core.shell:create_environment_hook('turtle_controller', 'ament_prefix_path')
[2.408s] INFO:colcon.colcon_core.plugin_system:Skipping extension 'colcon_core.shell.bat': Not used on non-Windows systems
[2.408s] INFO:colcon.colcon_core.shell:Creating environment hook '/home/iota/turtle_procon/ros2_ws/src/turtle_controller/install/turtle_controller/share/turtle_controller/hook/ament_prefix_path.ps1'
[2.410s] INFO:colcon.colcon_core.shell:Creating environment descriptor '/home/iota/turtle_procon/ros2_ws/src/turtle_controller/install/turtle_controller/share/turtle_controller/hook/ament_prefix_path.dsv'
[2.411s] INFO:colcon.colcon_core.shell:Creating environment hook '/home/iota/turtle_procon/ros2_ws/src/turtle_controller/install/turtle_controller/share/turtle_controller/hook/ament_prefix_path.sh'
[2.437s] INFO:colcon.colcon_core.shell:Skip shell extension 'powershell' for command environment: Not usable outside of PowerShell
[2.437s] DEBUG:colcon.colcon_core.shell:Skip shell extension 'dsv' for command environment
[2.951s] INFO:colcon.colcon_core.task.python.build:Building Python package in '/home/iota/turtle_procon/ros2_ws/src/turtle_controller'
[2.978s] INFO:colcon.colcon_core.shell:Skip shell extension 'powershell' for command environment: Not usable outside of PowerShell
[2.978s] DEBUG:colcon.colcon_core.shell:Skip shell extension 'dsv' for command environment
[3.727s] DEBUG:colcon.colcon_core.event_handler.log_command:Invoking command in '/home/iota/turtle_procon/ros2_ws/src/turtle_controller/build/turtle_controller': PYTHONPATH=/home/iota/turtle_procon/ros2_ws/src/turtle_controller/build/turtle_controller/prefix_override:/home/iota/turtle_procon/ros2_ws/src/turtle_controller/install/turtle_controller/lib/python3.10/site-packages:${PYTHONPATH} /usr/bin/python3 setup.py develop --editable --build-directory /home/iota/turtle_procon/ros2_ws/src/turtle_controller/build/turtle_controller/build --no-deps install_data
[4.526s] Level 1:colcon.colcon_core.shell:create_environment_hook('turtle_controller', 'pythonpath_develop')
[4.527s] DEBUG:colcon.colcon_core.event_handler.log_command:Invoked command in '/home/iota/turtle_procon/ros2_ws/src/turtle_controller/build/turtle_controller' returned '0': PYTHONPATH=/home/iota/turtle_procon/ros2_ws/src/turtle_controller/build/turtle_controller/prefix_override:/home/iota/turtle_procon/ros2_ws/src/turtle_controller/install/turtle_controller/lib/python3.10/site-packages:${PYTHONPATH} /usr/bin/python3 setup.py develop --editable --build-directory /home/iota/turtle_procon/ros2_ws/src/turtle_controller/build/turtle_controller/build --no-deps install_data
[4.553s] INFO:colcon.colcon_core.shell:Creating environment hook '/home/iota/turtle_procon/ros2_ws/src/turtle_controller/build/turtle_controller/share/turtle_controller/hook/pythonpath_develop.ps1'
[4.554s] INFO:colcon.colcon_core.shell:Creating environment descriptor '/home/iota/turtle_procon/ros2_ws/src/turtle_controller/build/turtle_controller/share/turtle_controller/hook/pythonpath_develop.dsv'
[4.554s] INFO:colcon.colcon_core.shell:Creating environment hook '/home/iota/turtle_procon/ros2_ws/src/turtle_controller/build/turtle_controller/share/turtle_controller/hook/pythonpath_develop.sh'
[4.587s] Level 1:colcon.colcon_core.environment:checking '/home/iota/turtle_procon/ros2_ws/src/turtle_controller/install/turtle_controller' for CMake module files
[4.588s] Level 1:colcon.colcon_core.environment:checking '/home/iota/turtle_procon/ros2_ws/src/turtle_controller/install/turtle_controller' for CMake config files
[4.588s] Level 1:colcon.colcon_core.environment:checking '/home/iota/turtle_procon/ros2_ws/src/turtle_controller/install/turtle_controller/lib'
[4.589s] Level 1:colcon.colcon_core.environment:checking '/home/iota/turtle_procon/ros2_ws/src/turtle_controller/install/turtle_controller/bin'
[4.589s] Level 1:colcon.colcon_core.environment:checking '/home/iota/turtle_procon/ros2_ws/src/turtle_controller/install/turtle_controller/lib/pkgconfig/turtle_controller.pc'
[4.589s] Level 1:colcon.colcon_core.environment:checking '/home/iota/turtle_procon/ros2_ws/src/turtle_controller/install/turtle_controller/lib/python3.10/site-packages'
[4.589s] Level 1:colcon.colcon_core.shell:create_environment_hook('turtle_controller', 'pythonpath')
[4.616s] INFO:colcon.colcon_core.shell:Creating environment hook '/home/iota/turtle_procon/ros2_ws/src/turtle_controller/install/turtle_controller/share/turtle_controller/hook/pythonpath.ps1'
[4.616s] INFO:colcon.colcon_core.shell:Creating environment descriptor '/home/iota/turtle_procon/ros2_ws/src/turtle_controller/install/turtle_controller/share/turtle_controller/hook/pythonpath.dsv'
[4.617s] INFO:colcon.colcon_core.shell:Creating environment hook '/home/iota/turtle_procon/ros2_ws/src/turtle_controller/install/turtle_controller/share/turtle_controller/hook/pythonpath.sh'
[4.618s] Level 1:colcon.colcon_core.environment:checking '/home/iota/turtle_procon/ros2_ws/src/turtle_controller/install/turtle_controller/bin'
[4.618s] Level 1:colcon.colcon_core.environment:create_environment_scripts_only(turtle_controller)
[4.642s] INFO:colcon.colcon_core.shell:Creating package script '/home/iota/turtle_procon/ros2_ws/src/turtle_controller/install/turtle_controller/share/turtle_controller/package.ps1'
[4.644s] INFO:colcon.colcon_core.shell:Creating package descriptor '/home/iota/turtle_procon/ros2_ws/src/turtle_controller/install/turtle_controller/share/turtle_controller/package.dsv'
[4.645s] INFO:colcon.colcon_core.shell:Creating package script '/home/iota/turtle_procon/ros2_ws/src/turtle_controller/install/turtle_controller/share/turtle_controller/package.sh'
[4.647s] INFO:colcon.colcon_core.shell:Creating package script '/home/iota/turtle_procon/ros2_ws/src/turtle_controller/install/turtle_controller/share/turtle_controller/package.bash'
[4.648s] INFO:colcon.colcon_core.shell:Creating package script '/home/iota/turtle_procon/ros2_ws/src/turtle_controller/install/turtle_controller/share/turtle_controller/package.zsh'
[4.650s] Level 1:colcon.colcon_core.environment:create_file_with_runtime_dependencies(/home/iota/turtle_procon/ros2_ws/src/turtle_controller/install/turtle_controller/share/colcon-core/packages/turtle_controller)
[4.650s] DEBUG:colcon.colcon_parallel_executor.executor.parallel:closing loop
[4.651s] DEBUG:colcon.colcon_parallel_executor.executor.parallel:loop closed
[4.651s] DEBUG:colcon.colcon_parallel_executor.executor.parallel:run_until_complete finished with '0'
[4.651s] DEBUG:colcon.colcon_core.event_reactor:joining thread
[4.726s] INFO:colcon.colcon_core.plugin_system:Skipping extension 'colcon_notification.desktop_notification.terminal_notifier': Not used on non-Darwin systems
[4.727s] INFO:colcon.colcon_core.plugin_system:Skipping extension 'colcon_notification.desktop_notification.win32': Not used on non-Windows systems
[4.727s] INFO:colcon.colcon_notification.desktop_notification:Sending desktop notification using 'notify2'
[4.752s] DEBUG:colcon.colcon_core.event_reactor:joined thread
[4.778s] INFO:colcon.colcon_core.shell:Creating prefix script '/home/iota/turtle_procon/ros2_ws/src/turtle_controller/install/local_setup.ps1'
[4.780s] INFO:colcon.colcon_core.shell:Creating prefix util module '/home/iota/turtle_procon/ros2_ws/src/turtle_controller/install/_local_setup_util_ps1.py'
[4.783s] INFO:colcon.colcon_core.shell:Creating prefix chain script '/home/iota/turtle_procon/ros2_ws/src/turtle_controller/install/setup.ps1'
[4.810s] INFO:colcon.colcon_core.shell:Creating prefix script '/home/iota/turtle_procon/ros2_ws/src/turtle_controller/install/local_setup.sh'
[4.811s] INFO:colcon.colcon_core.shell:Creating prefix util module '/home/iota/turtle_procon/ros2_ws/src/turtle_controller/install/_local_setup_util_sh.py'
[4.812s] INFO:colcon.colcon_core.shell:Creating prefix chain script '/home/iota/turtle_procon/ros2_ws/src/turtle_controller/install/setup.sh'
[4.839s] INFO:colcon.colcon_core.shell:Creating prefix script '/home/iota/turtle_procon/ros2_ws/src/turtle_controller/install/local_setup.bash'
[4.840s] INFO:colcon.colcon_core.shell:Creating prefix chain script '/home/iota/turtle_procon/ros2_ws/src/turtle_controller/install/setup.bash'
[4.867s] INFO:colcon.colcon_core.shell:Creating prefix script '/home/iota/turtle_procon/ros2_ws/src/turtle_controller/install/local_setup.zsh'
[4.868s] INFO:colcon.colcon_core.shell:Creating prefix chain script '/home/iota/turtle_procon/ros2_ws/src/turtle_controller/install/setup.zsh'
