[1.603s] Invoking command in '/home/iota/turtle_procon/ros2_ws/src/turtle_controller': PYTHONPATH=/home/iota/turtle_procon/ros2_ws/src/build/turtle_controller/prefix_override:/home/iota/turtle_procon/ros2_ws/src/install/turtle_controller/lib/python3.10/site-packages:${PYTHONPATH} /usr/bin/python3 setup.py egg_info --egg-base ../build/turtle_controller build --build-base /home/iota/turtle_procon/ros2_ws/src/build/turtle_controller/build install --record /home/iota/turtle_procon/ros2_ws/src/build/turtle_controller/install.log --install-scripts $base/lib/turtle_controller --single-version-externally-managed
[2.055s] /usr/lib/python3/dist-packages/setuptools/dist.py:723: UserWarning: Usage of dash-separated 'script-dir' will not be supported in future versions. Please use the underscore name 'script_dir' instead
[2.055s]   warnings.warn(
[2.069s] running egg_info
[2.070s] creating ../build/turtle_controller/turtle_controller.egg-info
[2.071s] writing ../build/turtle_controller/turtle_controller.egg-info/PKG-INFO
[2.071s] writing dependency_links to ../build/turtle_controller/turtle_controller.egg-info/dependency_links.txt
[2.071s] writing entry points to ../build/turtle_controller/turtle_controller.egg-info/entry_points.txt
[2.072s] writing requirements to ../build/turtle_controller/turtle_controller.egg-info/requires.txt
[2.072s] writing top-level names to ../build/turtle_controller/turtle_controller.egg-info/top_level.txt
[2.072s] writing manifest file '../build/turtle_controller/turtle_controller.egg-info/SOURCES.txt'
[2.075s] reading manifest file '../build/turtle_controller/turtle_controller.egg-info/SOURCES.txt'
[2.076s] writing manifest file '../build/turtle_controller/turtle_controller.egg-info/SOURCES.txt'
[2.076s] running build
[2.076s] running build_py
[2.077s] creating /home/iota/turtle_procon/ros2_ws/src/build/turtle_controller/build
[2.077s] creating /home/iota/turtle_procon/ros2_ws/src/build/turtle_controller/build/lib
[2.077s] creating /home/iota/turtle_procon/ros2_ws/src/build/turtle_controller/build/lib/turtle_controller
[2.077s] copying turtle_controller/turtle_controller.py -> /home/iota/turtle_procon/ros2_ws/src/build/turtle_controller/build/lib/turtle_controller
[2.078s] copying turtle_controller/__init__.py -> /home/iota/turtle_procon/ros2_ws/src/build/turtle_controller/build/lib/turtle_controller
[2.078s] running install
[2.078s] /usr/lib/python3/dist-packages/setuptools/command/install.py:34: SetuptoolsDeprecationWarning: setup.py install is deprecated. Use build and pip and other standards-based tools.
[2.078s]   warnings.warn(
[2.078s] running install_lib
[2.079s] creating /home/iota/turtle_procon/ros2_ws/src/install/turtle_controller/lib/python3.10/site-packages/turtle_controller
[2.080s] copying /home/iota/turtle_procon/ros2_ws/src/build/turtle_controller/build/lib/turtle_controller/turtle_controller.py -> /home/iota/turtle_procon/ros2_ws/src/install/turtle_controller/lib/python3.10/site-packages/turtle_controller
[2.080s] copying /home/iota/turtle_procon/ros2_ws/src/build/turtle_controller/build/lib/turtle_controller/__init__.py -> /home/iota/turtle_procon/ros2_ws/src/install/turtle_controller/lib/python3.10/site-packages/turtle_controller
[2.080s] byte-compiling /home/iota/turtle_procon/ros2_ws/src/install/turtle_controller/lib/python3.10/site-packages/turtle_controller/turtle_controller.py to turtle_controller.cpython-310.pyc
[2.082s] byte-compiling /home/iota/turtle_procon/ros2_ws/src/install/turtle_controller/lib/python3.10/site-packages/turtle_controller/__init__.py to __init__.cpython-310.pyc
[2.082s] running install_data
[2.083s] creating /home/iota/turtle_procon/ros2_ws/src/install/turtle_controller/share/ament_index
[2.084s] creating /home/iota/turtle_procon/ros2_ws/src/install/turtle_controller/share/ament_index/resource_index
[2.084s] creating /home/iota/turtle_procon/ros2_ws/src/install/turtle_controller/share/ament_index/resource_index/packages
[2.084s] copying resource/turtle_controller -> /home/iota/turtle_procon/ros2_ws/src/install/turtle_controller/share/ament_index/resource_index/packages
[2.084s] copying package.xml -> /home/iota/turtle_procon/ros2_ws/src/install/turtle_controller/share/turtle_controller
[2.084s] running install_egg_info
[2.087s] Copying ../build/turtle_controller/turtle_controller.egg-info to /home/iota/turtle_procon/ros2_ws/src/install/turtle_controller/lib/python3.10/site-packages/turtle_controller-0.0.0-py3.10.egg-info
[2.088s] running install_scripts
[2.125s] Installing turtle_controller script to /home/iota/turtle_procon/ros2_ws/src/install/turtle_controller/lib/turtle_controller
[2.126s] writing list of installed files to '/home/iota/turtle_procon/ros2_ws/src/build/turtle_controller/install.log'
[2.163s] Invoked command in '/home/iota/turtle_procon/ros2_ws/src/turtle_controller' returned '0': PYTHONPATH=/home/iota/turtle_procon/ros2_ws/src/build/turtle_controller/prefix_override:/home/iota/turtle_procon/ros2_ws/src/install/turtle_controller/lib/python3.10/site-packages:${PYTHONPATH} /usr/bin/python3 setup.py egg_info --egg-base ../build/turtle_controller build --build-base /home/iota/turtle_procon/ros2_ws/src/build/turtle_controller/build install --record /home/iota/turtle_procon/ros2_ws/src/build/turtle_controller/install.log --install-scripts $base/lib/turtle_controller --single-version-externally-managed
