/usr/lib/python3/dist-packages/setuptools/dist.py:723: UserWarning: Usage of dash-separated 'script-dir' will not be supported in future versions. Please use the underscore name 'script_dir' instead
  warnings.warn(
running develop
/usr/lib/python3/dist-packages/setuptools/command/easy_install.py:158: EasyInstallDeprecationWarning: easy_install command is deprecated. Use build and pip and other standards-based tools.
  warnings.warn(
/usr/lib/python3/dist-packages/setuptools/command/install.py:34: SetuptoolsDeprecationWarning: setup.py install is deprecated. Use build and pip and other standards-based tools.
  warnings.warn(
running egg_info
creating turtle_controller.egg-info
writing turtle_controller.egg-info/PKG-INFO
writing dependency_links to turtle_controller.egg-info/dependency_links.txt
writing entry points to turtle_controller.egg-info/entry_points.txt
writing requirements to turtle_controller.egg-info/requires.txt
writing top-level names to turtle_controller.egg-info/top_level.txt
writing manifest file 'turtle_controller.egg-info/SOURCES.txt'
reading manifest file 'turtle_controller.egg-info/SOURCES.txt'
writing manifest file 'turtle_controller.egg-info/SOURCES.txt'
running build_ext
Creating /home/iota/turtle_procon/ros2_ws/src/turtle_controller/install/turtle_controller/lib/python3.10/site-packages/joycon-controller.egg-link (link to .)
Installing turtle_controller script to /home/iota/turtle_procon/ros2_ws/src/turtle_controller/install/turtle_controller/lib/turtle_controller

Installed /home/iota/turtle_procon/ros2_ws/src/turtle_controller/build/turtle_controller
running install_data
creating /home/iota/turtle_procon/ros2_ws/src/turtle_controller/install/turtle_controller/share/ament_index
creating /home/iota/turtle_procon/ros2_ws/src/turtle_controller/install/turtle_controller/share/ament_index/resource_index
creating /home/iota/turtle_procon/ros2_ws/src/turtle_controller/install/turtle_controller/share/ament_index/resource_index/packages
copying resource/turtle_controller -> /home/iota/turtle_procon/ros2_ws/src/turtle_controller/install/turtle_controller/share/ament_index/resource_index/packages
copying package.xml -> /home/iota/turtle_procon/ros2_ws/src/turtle_controller/install/turtle_controller/share/turtle_controller
