[1.354s] Invoking command in '/home/iota/turtle_procon/ros2_ws/src/turtle_controller/build/turtle_controller': PYTHONPATH=/home/iota/turtle_procon/ros2_ws/src/turtle_controller/build/turtle_controller/prefix_override:/home/iota/turtle_procon/ros2_ws/src/turtle_controller/install/turtle_controller/lib/python3.10/site-packages:${PYTHONPATH} /usr/bin/python3 setup.py develop --editable --build-directory /home/iota/turtle_procon/ros2_ws/src/turtle_controller/build/turtle_controller/build --no-deps install_data
[1.763s] /usr/lib/python3/dist-packages/setuptools/dist.py:723: UserWarning: Usage of dash-separated 'script-dir' will not be supported in future versions. Please use the underscore name 'script_dir' instead
[1.763s]   warnings.warn(
[1.814s] running develop
[1.822s] /usr/lib/python3/dist-packages/setuptools/command/easy_install.py:158: EasyInstallDeprecationWarning: easy_install command is deprecated. Use build and pip and other standards-based tools.
[1.822s]   warnings.warn(
[1.825s] /usr/lib/python3/dist-packages/setuptools/command/install.py:34: SetuptoolsDeprecationWarning: setup.py install is deprecated. Use build and pip and other standards-based tools.
[1.825s]   warnings.warn(
[2.099s] running egg_info
[2.100s] creating turtle_controller.egg-info
[2.100s] writing turtle_controller.egg-info/PKG-INFO
[2.100s] writing dependency_links to turtle_controller.egg-info/dependency_links.txt
[2.101s] writing entry points to turtle_controller.egg-info/entry_points.txt
[2.101s] writing requirements to turtle_controller.egg-info/requires.txt
[2.101s] writing top-level names to turtle_controller.egg-info/top_level.txt
[2.101s] writing manifest file 'turtle_controller.egg-info/SOURCES.txt'
[2.105s] reading manifest file 'turtle_controller.egg-info/SOURCES.txt'
[2.106s] writing manifest file 'turtle_controller.egg-info/SOURCES.txt'
[2.109s] running build_ext
[2.109s] Creating /home/iota/turtle_procon/ros2_ws/src/turtle_controller/install/turtle_controller/lib/python3.10/site-packages/joycon-controller.egg-link (link to .)
[2.110s] Installing turtle_controller script to /home/iota/turtle_procon/ros2_ws/src/turtle_controller/install/turtle_controller/lib/turtle_controller
[2.111s]
[2.111s] Installed /home/iota/turtle_procon/ros2_ws/src/turtle_controller/build/turtle_controller
[2.111s] running install_data
[2.111s] creating /home/iota/turtle_procon/ros2_ws/src/turtle_controller/install/turtle_controller/share/ament_index
[2.112s] creating /home/iota/turtle_procon/ros2_ws/src/turtle_controller/install/turtle_controller/share/ament_index/resource_index
[2.112s] creating /home/iota/turtle_procon/ros2_ws/src/turtle_controller/install/turtle_controller/share/ament_index/resource_index/packages
[2.112s] copying resource/turtle_controller -> /home/iota/turtle_procon/ros2_ws/src/turtle_controller/install/turtle_controller/share/ament_index/resource_index/packages
[2.112s] copying package.xml -> /home/iota/turtle_procon/ros2_ws/src/turtle_controller/install/turtle_controller/share/turtle_controller
[2.154s] Invoked command in '/home/iota/turtle_procon/ros2_ws/src/turtle_controller/build/turtle_controller' returned '0': PYTHONPATH=/home/iota/turtle_procon/ros2_ws/src/turtle_controller/build/turtle_controller/prefix_override:/home/iota/turtle_procon/ros2_ws/src/turtle_controller/install/turtle_controller/lib/python3.10/site-packages:${PYTHONPATH} /usr/bin/python3 setup.py develop --editable --build-directory /home/iota/turtle_procon/ros2_ws/src/turtle_controller/build/turtle_controller/build --no-deps install_data
