[1.661s] DEBUG:colcon:Command line arguments: ['/usr/bin/colcon', 'build', '--cmake-clean-cache']
[1.662s] DEBUG:colcon:Parsed command line arguments: Namespace(log_base=None, log_level=None, verb_name='build', build_base='build', install_base='install', merge_install=False, symlink_install=False, test_result_base=None, continue_on_error=False, executor='parallel', parallel_workers=8, event_handlers=None, ignore_user_meta=False, metas=['./colcon.meta'], base_paths=['.'], packages_ignore=None, packages_ignore_regex=None, paths=None, packages_up_to=None, packages_up_to_regex=None, packages_above=None, packages_above_and_dependencies=None, packages_above_depth=None, packages_select_by_dep=None, packages_skip_by_dep=None, packages_skip_up_to=None, packages_select_build_failed=False, packages_skip_build_finished=False, packages_select_test_failures=False, packages_skip_test_passed=False, packages_select=None, packages_skip=None, packages_select_regex=None, packages_skip_regex=None, packages_start=None, packages_end=None, allow_overriding=[], cmake_args=None, cmake_target=None, cmake_target_skip_unavailable=False, cmake_clean_cache=True, cmake_clean_first=False, cmake_force_configure=False, ament_cmake_args=None, catkin_cmake_args=None, catkin_skip_building_tests=False, verb_parser=<colcon_defaults.argument_parser.defaults.DefaultArgumentsDecorator object at 0x7f71187a6410>, verb_extension=<colcon_core.verb.build.BuildVerb object at 0x7f71187a7b20>, main=<bound method BuildVerb.main of <colcon_core.verb.build.BuildVerb object at 0x7f71187a7b20>>)
[1.742s] Level 1:colcon.colcon_core.package_discovery:discover_packages(colcon_meta) check parameters
[1.742s] Level 1:colcon.colcon_core.package_discovery:discover_packages(recursive) check parameters
[1.742s] Level 1:colcon.colcon_core.package_discovery:discover_packages(ignore) check parameters
[1.742s] Level 1:colcon.colcon_core.package_discovery:discover_packages(path) check parameters
[1.742s] Level 1:colcon.colcon_core.package_discovery:discover_packages(colcon_meta) discover
[1.742s] Level 1:colcon.colcon_core.package_discovery:discover_packages(recursive) discover
[1.742s] INFO:colcon.colcon_core.package_discovery:Crawling recursively for packages in '/home/iota/turtle_procon/ros2_ws/src'
[1.742s] Level 1:colcon.colcon_core.package_identification:_identify(.) by extensions ['ignore', 'ignore_ament_install']
[1.743s] Level 1:colcon.colcon_core.package_identification:_identify(.) by extension 'ignore'
[1.743s] Level 1:colcon.colcon_core.package_identification:_identify(.) by extension 'ignore_ament_install'
[1.743s] Level 1:colcon.colcon_core.package_identification:_identify(.) by extensions ['colcon_pkg']
[1.743s] Level 1:colcon.colcon_core.package_identification:_identify(.) by extension 'colcon_pkg'
[1.743s] Level 1:colcon.colcon_core.package_identification:_identify(.) by extensions ['colcon_meta']
[1.743s] Level 1:colcon.colcon_core.package_identification:_identify(.) by extension 'colcon_meta'
[1.743s] Level 1:colcon.colcon_core.package_identification:_identify(.) by extensions ['ros']
[1.743s] Level 1:colcon.colcon_core.package_identification:_identify(.) by extension 'ros'
[1.764s] Level 1:colcon.colcon_core.package_identification:_identify(.) by extensions ['cmake', 'python']
[1.764s] Level 1:colcon.colcon_core.package_identification:_identify(.) by extension 'cmake'
[1.764s] Level 1:colcon.colcon_core.package_identification:_identify(.) by extension 'python'
[1.764s] Level 1:colcon.colcon_core.package_identification:_identify(.) by extensions ['python_setup_py']
[1.764s] Level 1:colcon.colcon_core.package_identification:_identify(.) by extension 'python_setup_py'
[1.764s] Level 1:colcon.colcon_core.package_identification:_identify(build) by extensions ['ignore', 'ignore_ament_install']
[1.764s] Level 1:colcon.colcon_core.package_identification:_identify(build) by extension 'ignore'
[1.765s] Level 1:colcon.colcon_core.package_identification:_identify(build) ignored
[1.765s] Level 1:colcon.colcon_core.package_identification:_identify(install) by extensions ['ignore', 'ignore_ament_install']
[1.765s] Level 1:colcon.colcon_core.package_identification:_identify(install) by extension 'ignore'
[1.765s] Level 1:colcon.colcon_core.package_identification:_identify(install) ignored
[1.765s] Level 1:colcon.colcon_core.package_identification:_identify(turtle_controller) by extensions ['ignore', 'ignore_ament_install']
[1.765s] Level 1:colcon.colcon_core.package_identification:_identify(turtle_controller) by extension 'ignore'
[1.765s] Level 1:colcon.colcon_core.package_identification:_identify(turtle_controller) by extension 'ignore_ament_install'
[1.765s] Level 1:colcon.colcon_core.package_identification:_identify(turtle_controller) by extensions ['colcon_pkg']
[1.765s] Level 1:colcon.colcon_core.package_identification:_identify(turtle_controller) by extension 'colcon_pkg'
[1.766s] Level 1:colcon.colcon_core.package_identification:_identify(turtle_controller) by extensions ['colcon_meta']
[1.766s] Level 1:colcon.colcon_core.package_identification:_identify(turtle_controller) by extension 'colcon_meta'
[1.766s] Level 1:colcon.colcon_core.package_identification:_identify(turtle_controller) by extensions ['ros']
[1.766s] Level 1:colcon.colcon_core.package_identification:_identify(turtle_controller) by extension 'ros'
[1.770s] DEBUG:colcon.colcon_core.package_identification:Package 'turtle_controller' with type 'ros.ament_python' and name 'turtle_controller'
[1.770s] Level 1:colcon.colcon_core.package_identification:_identify(log) by extensions ['ignore', 'ignore_ament_install']
[1.770s] Level 1:colcon.colcon_core.package_identification:_identify(log) by extension 'ignore'
[1.770s] Level 1:colcon.colcon_core.package_identification:_identify(log) ignored
[1.771s] Level 1:colcon.colcon_core.package_discovery:discover_packages(recursive) using defaults
[1.771s] Level 1:colcon.colcon_core.package_discovery:discover_packages(ignore) discover
[1.771s] Level 1:colcon.colcon_core.package_discovery:discover_packages(ignore) using defaults
[1.771s] Level 1:colcon.colcon_core.package_discovery:discover_packages(path) discover
[1.771s] Level 1:colcon.colcon_core.package_discovery:discover_packages(path) using defaults
[1.924s] Level 1:colcon.colcon_core.package_discovery:discover_packages(prefix_path) check parameters
[1.924s] Level 1:colcon.colcon_core.package_discovery:discover_packages(prefix_path) discover
[1.974s] DEBUG:colcon.colcon_installed_package_information.package_discovery:Found 331 installed packages in /opt/ros/humble
[1.977s] Level 1:colcon.colcon_core.package_discovery:discover_packages(prefix_path) using defaults
[2.148s] Level 5:colcon.colcon_core.verb:set package 'turtle_controller' build argument 'cmake_args' from command line to 'None'
[2.148s] Level 5:colcon.colcon_core.verb:set package 'turtle_controller' build argument 'cmake_target' from command line to 'None'
[2.148s] Level 5:colcon.colcon_core.verb:set package 'turtle_controller' build argument 'cmake_target_skip_unavailable' from command line to 'False'
[2.148s] Level 5:colcon.colcon_core.verb:set package 'turtle_controller' build argument 'cmake_clean_cache' from command line to 'True'
[2.148s] Level 5:colcon.colcon_core.verb:set package 'turtle_controller' build argument 'cmake_clean_first' from command line to 'False'
[2.148s] Level 5:colcon.colcon_core.verb:set package 'turtle_controller' build argument 'cmake_force_configure' from command line to 'False'
[2.148s] Level 5:colcon.colcon_core.verb:set package 'turtle_controller' build argument 'ament_cmake_args' from command line to 'None'
[2.148s] Level 5:colcon.colcon_core.verb:set package 'turtle_controller' build argument 'catkin_cmake_args' from command line to 'None'
[2.148s] Level 5:colcon.colcon_core.verb:set package 'turtle_controller' build argument 'catkin_skip_building_tests' from command line to 'False'
[2.148s] DEBUG:colcon.colcon_core.verb:Building package 'turtle_controller' with the following arguments: {'ament_cmake_args': None, 'build_base': '/home/iota/turtle_procon/ros2_ws/src/build/turtle_controller', 'catkin_cmake_args': None, 'catkin_skip_building_tests': False, 'cmake_args': None, 'cmake_clean_cache': True, 'cmake_clean_first': False, 'cmake_force_configure': False, 'cmake_target': None, 'cmake_target_skip_unavailable': False, 'install_base': '/home/iota/turtle_procon/ros2_ws/src/install/turtle_controller', 'merge_install': False, 'path': '/home/iota/turtle_procon/ros2_ws/src/turtle_controller', 'symlink_install': False, 'test_result_base': None}
[2.172s] INFO:colcon.colcon_core.executor:Executing jobs using 'parallel' executor
[2.197s] DEBUG:colcon.colcon_parallel_executor.executor.parallel:run_until_complete
[2.197s] INFO:colcon.colcon_ros.task.ament_python.build:Building ROS package in '/home/iota/turtle_procon/ros2_ws/src/turtle_controller' with build type 'ament_python'
[2.197s] Level 1:colcon.colcon_core.shell:create_environment_hook('turtle_controller', 'ament_prefix_path')
[2.224s] INFO:colcon.colcon_core.plugin_system:Skipping extension 'colcon_core.shell.bat': Not used on non-Windows systems
[2.224s] INFO:colcon.colcon_core.shell:Creating environment hook '/home/iota/turtle_procon/ros2_ws/src/install/turtle_controller/share/turtle_controller/hook/ament_prefix_path.ps1'
[2.225s] INFO:colcon.colcon_core.shell:Creating environment descriptor '/home/iota/turtle_procon/ros2_ws/src/install/turtle_controller/share/turtle_controller/hook/ament_prefix_path.dsv'
[2.226s] INFO:colcon.colcon_core.shell:Creating environment hook '/home/iota/turtle_procon/ros2_ws/src/install/turtle_controller/share/turtle_controller/hook/ament_prefix_path.sh'
[2.253s] INFO:colcon.colcon_core.shell:Skip shell extension 'powershell' for command environment: Not usable outside of PowerShell
[2.253s] DEBUG:colcon.colcon_core.shell:Skip shell extension 'dsv' for command environment
[2.749s] INFO:colcon.colcon_core.task.python.build:Building Python package in '/home/iota/turtle_procon/ros2_ws/src/turtle_controller'
[2.775s] INFO:colcon.colcon_core.shell:Skip shell extension 'powershell' for command environment: Not usable outside of PowerShell
[2.775s] DEBUG:colcon.colcon_core.shell:Skip shell extension 'dsv' for command environment
[3.801s] DEBUG:colcon.colcon_core.event_handler.log_command:Invoking command in '/home/iota/turtle_procon/ros2_ws/src/turtle_controller': PYTHONPATH=/home/iota/turtle_procon/ros2_ws/src/build/turtle_controller/prefix_override:/home/iota/turtle_procon/ros2_ws/src/install/turtle_controller/lib/python3.10/site-packages:${PYTHONPATH} /usr/bin/python3 setup.py egg_info --egg-base ../build/turtle_controller build --build-base /home/iota/turtle_procon/ros2_ws/src/build/turtle_controller/build install --record /home/iota/turtle_procon/ros2_ws/src/build/turtle_controller/install.log --install-scripts $base/lib/turtle_controller --single-version-externally-managed
[4.361s] DEBUG:colcon.colcon_core.event_handler.log_command:Invoked command in '/home/iota/turtle_procon/ros2_ws/src/turtle_controller' returned '0': PYTHONPATH=/home/iota/turtle_procon/ros2_ws/src/build/turtle_controller/prefix_override:/home/iota/turtle_procon/ros2_ws/src/install/turtle_controller/lib/python3.10/site-packages:${PYTHONPATH} /usr/bin/python3 setup.py egg_info --egg-base ../build/turtle_controller build --build-base /home/iota/turtle_procon/ros2_ws/src/build/turtle_controller/build install --record /home/iota/turtle_procon/ros2_ws/src/build/turtle_controller/install.log --install-scripts $base/lib/turtle_controller --single-version-externally-managed
[4.391s] Level 1:colcon.colcon_core.environment:checking '/home/iota/turtle_procon/ros2_ws/src/install/turtle_controller' for CMake module files
[4.391s] Level 1:colcon.colcon_core.environment:checking '/home/iota/turtle_procon/ros2_ws/src/install/turtle_controller' for CMake config files
[4.392s] Level 1:colcon.colcon_core.environment:checking '/home/iota/turtle_procon/ros2_ws/src/install/turtle_controller/lib'
[4.392s] Level 1:colcon.colcon_core.environment:checking '/home/iota/turtle_procon/ros2_ws/src/install/turtle_controller/bin'
[4.393s] Level 1:colcon.colcon_core.environment:checking '/home/iota/turtle_procon/ros2_ws/src/install/turtle_controller/lib/pkgconfig/turtle_controller.pc'
[4.393s] Level 1:colcon.colcon_core.environment:checking '/home/iota/turtle_procon/ros2_ws/src/install/turtle_controller/lib/python3.10/site-packages'
[4.393s] Level 1:colcon.colcon_core.shell:create_environment_hook('turtle_controller', 'pythonpath')
[4.419s] INFO:colcon.colcon_core.shell:Creating environment hook '/home/iota/turtle_procon/ros2_ws/src/install/turtle_controller/share/turtle_controller/hook/pythonpath.ps1'
[4.420s] INFO:colcon.colcon_core.shell:Creating environment descriptor '/home/iota/turtle_procon/ros2_ws/src/install/turtle_controller/share/turtle_controller/hook/pythonpath.dsv'
[4.421s] INFO:colcon.colcon_core.shell:Creating environment hook '/home/iota/turtle_procon/ros2_ws/src/install/turtle_controller/share/turtle_controller/hook/pythonpath.sh'
[4.421s] Level 1:colcon.colcon_core.environment:checking '/home/iota/turtle_procon/ros2_ws/src/install/turtle_controller/bin'
[4.422s] Level 1:colcon.colcon_core.environment:create_environment_scripts_only(turtle_controller)
[4.447s] INFO:colcon.colcon_core.shell:Creating package script '/home/iota/turtle_procon/ros2_ws/src/install/turtle_controller/share/turtle_controller/package.ps1'
[4.448s] INFO:colcon.colcon_core.shell:Creating package descriptor '/home/iota/turtle_procon/ros2_ws/src/install/turtle_controller/share/turtle_controller/package.dsv'
[4.449s] INFO:colcon.colcon_core.shell:Creating package script '/home/iota/turtle_procon/ros2_ws/src/install/turtle_controller/share/turtle_controller/package.sh'
[4.450s] INFO:colcon.colcon_core.shell:Creating package script '/home/iota/turtle_procon/ros2_ws/src/install/turtle_controller/share/turtle_controller/package.bash'
[4.452s] INFO:colcon.colcon_core.shell:Creating package script '/home/iota/turtle_procon/ros2_ws/src/install/turtle_controller/share/turtle_controller/package.zsh'
[4.453s] Level 1:colcon.colcon_core.environment:create_file_with_runtime_dependencies(/home/iota/turtle_procon/ros2_ws/src/install/turtle_controller/share/colcon-core/packages/turtle_controller)
[4.454s] DEBUG:colcon.colcon_parallel_executor.executor.parallel:closing loop
[4.454s] DEBUG:colcon.colcon_parallel_executor.executor.parallel:loop closed
[4.455s] DEBUG:colcon.colcon_parallel_executor.executor.parallel:run_until_complete finished with '0'
[4.455s] DEBUG:colcon.colcon_core.event_reactor:joining thread
[4.512s] INFO:colcon.colcon_core.plugin_system:Skipping extension 'colcon_notification.desktop_notification.terminal_notifier': Not used on non-Darwin systems
[4.513s] INFO:colcon.colcon_core.plugin_system:Skipping extension 'colcon_notification.desktop_notification.win32': Not used on non-Windows systems
[4.513s] INFO:colcon.colcon_notification.desktop_notification:Sending desktop notification using 'notify2'
[4.534s] DEBUG:colcon.colcon_core.event_reactor:joined thread
[4.577s] INFO:colcon.colcon_core.shell:Creating prefix script '/home/iota/turtle_procon/ros2_ws/src/install/local_setup.ps1'
[4.579s] INFO:colcon.colcon_core.shell:Creating prefix util module '/home/iota/turtle_procon/ros2_ws/src/install/_local_setup_util_ps1.py'
[4.581s] INFO:colcon.colcon_core.shell:Creating prefix chain script '/home/iota/turtle_procon/ros2_ws/src/install/setup.ps1'
[4.610s] INFO:colcon.colcon_core.shell:Creating prefix script '/home/iota/turtle_procon/ros2_ws/src/install/local_setup.sh'
[4.611s] INFO:colcon.colcon_core.shell:Creating prefix util module '/home/iota/turtle_procon/ros2_ws/src/install/_local_setup_util_sh.py'
[4.612s] INFO:colcon.colcon_core.shell:Creating prefix chain script '/home/iota/turtle_procon/ros2_ws/src/install/setup.sh'
[4.641s] INFO:colcon.colcon_core.shell:Creating prefix script '/home/iota/turtle_procon/ros2_ws/src/install/local_setup.bash'
[4.642s] INFO:colcon.colcon_core.shell:Creating prefix chain script '/home/iota/turtle_procon/ros2_ws/src/install/setup.bash'
[4.669s] INFO:colcon.colcon_core.shell:Creating prefix script '/home/iota/turtle_procon/ros2_ws/src/install/local_setup.zsh'
[4.670s] INFO:colcon.colcon_core.shell:Creating prefix chain script '/home/iota/turtle_procon/ros2_ws/src/install/setup.zsh'
